[0m[0K/usr/local/lib/python3.11/site-packages/nbformat/__init__.py:93: MissingIDFieldWarning: Code cell is missing an id field, t[0Kh
is will become a hard error in future nbformat versions. You may want to use `normalize()` on your notebooks before validat[0Ki
ons (available since nbformat 5.1.4). Previous versions of nbformat are fixing this issue transparently, and will stop doin[0Kg
 so in the future.[0K
  validate(nb)[0K[4A




[0K
         Computing pi in serial:[0K
[0K
         For 10000000 trials, pi = 3.141656[0K
[0K
5.41 s ± 29.3 ms per loop (mean ± std. dev. of 3 runs, 1 loop each)[0K
[0K
         Computing pi in serial with numpy w/o arrays:[0K
[0K
         For 10000000 trials, pi = 3.142395[0K
[0K
11.1 s ± 218 ms per loop (mean ± std. dev. of 3 runs, 1 loop each)[0K
[0K
         Computing pi in serial with numpy w/ arrays:[0K
[0K
         For 10000000 trials, pi = 3.142067[0K
[0K
250 ms ± 7.37 ms per loop (mean ± std. dev. of 3 runs, 1 loop each)[0K
[0K
         Computing pi with numba:[0K
[0K
         For 10000000 trials, pi = 3.141719[0K
[0K
114 ms ± 11.6 ms per loop (mean ± std. dev. of 3 runs, 10 loops each)[0K
[0K